<?xml version="1.0" encoding="ISO-8859-1" ?>

<!DOCTYPE jdp-config SYSTEM "jdp-config_1_0.dtd">       
<!--
	This is profiler configuration file used for test
	API of profiler filter
-->

<jdp-config filterDir="/home/luming/workspace/tools/jdptool/runtime/conf" logDir="/home/luming/workspace/tools/jdptool/runtime/log" >

	<snapshot interval="100000" />
	
</jdp-config>
