<?xml version="1.0" encoding="ISO-8859-1" ?>

<!DOCTYPE jdp-filter SYSTEM "jdp-filter_1_0.dtd">
	
<!--
	This is profiler filter configuration file used for test
	API of profiler filter
-->

<jdp-filter name="default">
	
	<breaks>
		<method	className="com.cmri.quickdial.sqlServer123.service.AntiHarassService"
				methodName="requestConfigure" type="over" >
			<variable name="resp" type="local" />
		</method>

		<line className="com.cmri.quickdial.sqlServer123.service.AntiHarassService"
				line="119" type="into" >
			<variable name="*" type="local" />
		</line>
	</breaks>
	
	<field className="com.cmri.quickdial.sqlServer123.service.AntiHarassService" fieldName="antiSendUrl"
		   watchType="both" />	
	
	<excludes packages="java.*;javax.*" />
	
</jdp-filter>
